<?xml version="1.0" encoding="UTF-8"?>
<coverage generated="1634076260723" clover="3.2.0">
  <project timestamp="1634076260724" name="All files">
    <metrics statements="52" coveredstatements="50" conditionals="14" coveredconditionals="14" methods="20" coveredmethods="18" elements="86" coveredelements="82" complexity="0" loc="52" ncloc="52" packages="3" files="9" classes="9"/>
    <package name="actions">
      <metrics statements="15" coveredstatements="15" conditionals="0" coveredconditionals="0" methods="7" coveredmethods="7"/>
      <file name="balance.js" path="/Users/saulsv/OneDrive - IBM/Capacitacione GBS/FronEnd/React Test Driven/Proyectos/react_tdd/lootcheck/src/actions/balance.js">
        <metrics statements="6" coveredstatements="6" conditionals="0" coveredconditionals="0" methods="3" coveredmethods="3"/>
        <line num="5" count="3" type="stmt"/>
        <line num="6" count="1" type="stmt"/>
        <line num="12" count="3" type="stmt"/>
        <line num="13" count="1" type="stmt"/>
        <line num="19" count="3" type="stmt"/>
        <line num="20" count="1" type="stmt"/>
      </file>
      <file name="bitcoin.js" path="/Users/saulsv/OneDrive - IBM/Capacitacione GBS/FronEnd/React Test Driven/Proyectos/react_tdd/lootcheck/src/actions/bitcoin.js">
        <metrics statements="5" coveredstatements="5" conditionals="0" coveredconditionals="0" methods="4" coveredmethods="4"/>
        <line num="4" count="3" type="stmt"/>
        <line num="6" count="1" type="stmt"/>
        <line num="8" count="1" type="stmt"/>
        <line num="9" count="1" type="stmt"/>
        <line num="10" count="1" type="stmt"/>
      </file>
      <file name="constants.js" path="/Users/saulsv/OneDrive - IBM/Capacitacione GBS/FronEnd/React Test Driven/Proyectos/react_tdd/lootcheck/src/actions/constants.js">
        <metrics statements="4" coveredstatements="4" conditionals="0" coveredconditionals="0" methods="0" coveredmethods="0"/>
        <line num="1" count="8" type="stmt"/>
        <line num="2" count="8" type="stmt"/>
        <line num="3" count="8" type="stmt"/>
        <line num="4" count="8" type="stmt"/>
      </file>
    </package>
    <package name="components">
      <metrics statements="21" coveredstatements="19" conditionals="4" coveredconditionals="4" methods="11" coveredmethods="9"/>
      <file name="App.js" path="/Users/saulsv/OneDrive - IBM/Capacitacione GBS/FronEnd/React Test Driven/Proyectos/react_tdd/lootcheck/src/components/App.js">
        <metrics statements="2" coveredstatements="2" conditionals="0" coveredconditionals="0" methods="1" coveredmethods="1"/>
        <line num="7" count="1" type="stmt"/>
        <line num="8" count="1" type="stmt"/>
      </file>
      <file name="Loot.js" path="/Users/saulsv/OneDrive - IBM/Capacitacione GBS/FronEnd/React Test Driven/Proyectos/react_tdd/lootcheck/src/components/Loot.js">
        <metrics statements="8" coveredstatements="7" conditionals="2" coveredconditionals="2" methods="4" coveredmethods="3"/>
        <line num="7" count="1" type="stmt"/>
        <line num="10" count="3" type="stmt"/>
        <line num="11" count="3" type="stmt"/>
        <line num="13" count="3" type="cond" truecount="2" falsecount="0"/>
        <line num="14" count="2" type="stmt"/>
        <line num="16" count="1" type="stmt"/>
        <line num="20" count="3" type="stmt"/>
        <line num="26" count="0" type="stmt"/>
      </file>
      <file name="Wallet.js" path="/Users/saulsv/OneDrive - IBM/Capacitacione GBS/FronEnd/React Test Driven/Proyectos/react_tdd/lootcheck/src/components/Wallet.js">
        <metrics statements="11" coveredstatements="10" conditionals="2" coveredconditionals="2" methods="6" coveredmethods="5"/>
        <line num="7" count="1" type="stmt"/>
        <line num="8" count="1" type="stmt"/>
        <line num="13" count="1" type="stmt"/>
        <line num="14" count="6" type="stmt"/>
        <line num="15" count="6" type="cond" truecount="2" falsecount="0"/>
        <line num="16" count="3" type="stmt"/>
        <line num="20" count="3" type="stmt"/>
        <line num="26" count="2" type="stmt"/>
        <line num="28" count="2" type="stmt"/>
        <line num="32" count="7" type="stmt"/>
        <line num="47" count="0" type="stmt"/>
      </file>
    </package>
    <package name="reducers">
      <metrics statements="16" coveredstatements="16" conditionals="10" coveredconditionals="10" methods="2" coveredmethods="2"/>
      <file name="balance.js" path="/Users/saulsv/OneDrive - IBM/Capacitacione GBS/FronEnd/React Test Driven/Proyectos/react_tdd/lootcheck/src/reducers/balance.js">
        <metrics statements="12" coveredstatements="12" conditionals="7" coveredconditionals="7" methods="1" coveredmethods="1"/>
        <line num="6" count="2" type="stmt"/>
        <line num="9" count="2" type="cond" truecount="1" falsecount="0"/>
        <line num="12" count="7" type="cond" truecount="4" falsecount="0"/>
        <line num="14" count="1" type="stmt"/>
        <line num="15" count="1" type="stmt"/>
        <line num="19" count="1" type="stmt"/>
        <line num="20" count="1" type="stmt"/>
        <line num="23" count="1" type="stmt"/>
        <line num="24" count="1" type="stmt"/>
        <line num="27" count="4" type="cond" truecount="2" falsecount="0"/>
        <line num="31" count="7" type="stmt"/>
        <line num="33" count="7" type="stmt"/>
      </file>
      <file name="bitcoin.js" path="/Users/saulsv/OneDrive - IBM/Capacitacione GBS/FronEnd/React Test Driven/Proyectos/react_tdd/lootcheck/src/reducers/bitcoin.js">
        <metrics statements="4" coveredstatements="4" conditionals="3" coveredconditionals="3" methods="1" coveredmethods="1"/>
        <line num="3" count="2" type="cond" truecount="1" falsecount="0"/>
        <line num="4" count="4" type="cond" truecount="2" falsecount="0"/>
        <line num="6" count="1" type="stmt"/>
        <line num="9" count="3" type="stmt"/>
      </file>
      <file name="index.js" path="/Users/saulsv/OneDrive - IBM/Capacitacione GBS/FronEnd/React Test Driven/Proyectos/react_tdd/lootcheck/src/reducers/index.js">
        <metrics statements="0" coveredstatements="0" conditionals="0" coveredconditionals="0" methods="0" coveredmethods="0"/>
      </file>
    </package>
  </project>
</coverage>
