{"/Users/saulsv/OneDrive - IBM/Capacitacione GBS/FronEnd/React Test Driven/Proyectos/react_tdd/lootcheck/src/actions/balance.js": {"path":"/Users/saulsv/OneDrive - IBM/Capacitacione GBS/FronEnd/React Test Driven/Proyectos/react_tdd/lootcheck/src/actions/balance.js","statementMap":{"0":{"start":{"line":5,"column":26},"end":{"line":10,"column":1}},"1":{"start":{"line":6,"column":4},"end":{"line":9,"column":5}},"2":{"start":{"line":12,"column":23},"end":{"line":17,"column":1}},"3":{"start":{"line":13,"column":4},"end":{"line":16,"column":5}},"4":{"start":{"line":19,"column":24},"end":{"line":24,"column":1}},"5":{"start":{"line":20,"column":4},"end":{"line":23,"column":5}}},"fnMap":{"0":{"name":"(anonymous_0)","decl":{"start":{"line":5,"column":26},"end":{"line":5,"column":27}},"loc":{"start":{"line":5,"column":37},"end":{"line":10,"column":1}},"line":5},"1":{"name":"(anonymous_1)","decl":{"start":{"line":12,"column":23},"end":{"line":12,"column":24}},"loc":{"start":{"line":12,"column":34},"end":{"line":17,"column":1}},"line":12},"2":{"name":"(anonymous_2)","decl":{"start":{"line":19,"column":24},"end":{"line":19,"column":25}},"loc":{"start":{"line":19,"column":36},"end":{"line":24,"column":1}},"line":19}},"branchMap":{},"s":{"0":3,"1":1,"2":3,"3":1,"4":3,"5":1},"f":{"0":1,"1":1,"2":1},"b":{},"_coverageSchema":"1a1c01bbd47fc00a2c39e90264f33305004495a9","hash":"a7edc0ea96257d6579abe87ca8c6b1e316333315"}
,"/Users/saulsv/OneDrive - IBM/Capacitacione GBS/FronEnd/React Test Driven/Proyectos/react_tdd/lootcheck/src/actions/bitcoin.js": {"path":"/Users/saulsv/OneDrive - IBM/Capacitacione GBS/FronEnd/React Test Driven/Proyectos/react_tdd/lootcheck/src/actions/bitcoin.js","statementMap":{"0":{"start":{"line":4,"column":28},"end":{"line":15,"column":1}},"1":{"start":{"line":6,"column":4},"end":{"line":14,"column":5}},"2":{"start":{"line":8,"column":8},"end":{"line":13,"column":12}},"3":{"start":{"line":9,"column":26},"end":{"line":9,"column":41}},"4":{"start":{"line":10,"column":22},"end":{"line":13,"column":10}}},"fnMap":{"0":{"name":"(anonymous_0)","decl":{"start":{"line":4,"column":28},"end":{"line":4,"column":29}},"loc":{"start":{"line":4,"column":34},"end":{"line":15,"column":1}},"line":4},"1":{"name":"(anonymous_1)","decl":{"start":{"line":6,"column":11},"end":{"line":6,"column":12}},"loc":{"start":{"line":6,"column":23},"end":{"line":14,"column":5}},"line":6},"2":{"name":"(anonymous_2)","decl":{"start":{"line":9,"column":14},"end":{"line":9,"column":15}},"loc":{"start":{"line":9,"column":26},"end":{"line":9,"column":41}},"line":9},"3":{"name":"(anonymous_3)","decl":{"start":{"line":10,"column":14},"end":{"line":10,"column":15}},"loc":{"start":{"line":10,"column":22},"end":{"line":13,"column":10}},"line":10}},"branchMap":{},"s":{"0":3,"1":1,"2":1,"3":1,"4":1},"f":{"0":1,"1":1,"2":1,"3":1},"b":{},"_coverageSchema":"1a1c01bbd47fc00a2c39e90264f33305004495a9","hash":"a0accd8b251c7688ad455e3cfd4eedf90e85a890"}
,"/Users/saulsv/OneDrive - IBM/Capacitacione GBS/FronEnd/React Test Driven/Proyectos/react_tdd/lootcheck/src/actions/constants.js": {"path":"/Users/saulsv/OneDrive - IBM/Capacitacione GBS/FronEnd/React Test Driven/Proyectos/react_tdd/lootcheck/src/actions/constants.js","statementMap":{"0":{"start":{"line":1,"column":27},"end":{"line":1,"column":40}},"1":{"start":{"line":2,"column":23},"end":{"line":2,"column":32}},"2":{"start":{"line":3,"column":24},"end":{"line":3,"column":34}},"3":{"start":{"line":4,"column":29},"end":{"line":4,"column":44}}},"fnMap":{},"branchMap":{},"s":{"0":8,"1":8,"2":8,"3":8},"f":{},"b":{},"_coverageSchema":"1a1c01bbd47fc00a2c39e90264f33305004495a9","hash":"690df44742036007bc114f6bfca3a014ea40a303"}
,"/Users/saulsv/OneDrive - IBM/Capacitacione GBS/FronEnd/React Test Driven/Proyectos/react_tdd/lootcheck/src/components/App.js": {"path":"/Users/saulsv/OneDrive - IBM/Capacitacione GBS/FronEnd/React Test Driven/Proyectos/react_tdd/lootcheck/src/components/App.js","statementMap":{"0":{"start":{"line":7,"column":12},"end":{"line":18,"column":1}},"1":{"start":{"line":8,"column":4},"end":{"line":17,"column":6}}},"fnMap":{"0":{"name":"(anonymous_0)","decl":{"start":{"line":7,"column":12},"end":{"line":7,"column":13}},"loc":{"start":{"line":7,"column":18},"end":{"line":18,"column":1}},"line":7}},"branchMap":{},"s":{"0":1,"1":1},"f":{"0":1},"b":{},"_coverageSchema":"1a1c01bbd47fc00a2c39e90264f33305004495a9","hash":"e6b57dc1ff2c55bd6ae2cadd09d492e7041fa6ae"}
,"/Users/saulsv/OneDrive - IBM/Capacitacione GBS/FronEnd/React Test Driven/Proyectos/react_tdd/lootcheck/src/components/Loot.js": {"path":"/Users/saulsv/OneDrive - IBM/Capacitacione GBS/FronEnd/React Test Driven/Proyectos/react_tdd/lootcheck/src/components/Loot.js","statementMap":{"0":{"start":{"line":7,"column":8},"end":{"line":7,"column":34}},"1":{"start":{"line":10,"column":21},"end":{"line":17,"column":5}},"2":{"start":{"line":11,"column":28},"end":{"line":11,"column":38}},"3":{"start":{"line":13,"column":8},"end":{"line":14,"column":22}},"4":{"start":{"line":14,"column":12},"end":{"line":14,"column":22}},"5":{"start":{"line":16,"column":8},"end":{"line":16,"column":88}},"6":{"start":{"line":20,"column":8},"end":{"line":22,"column":10}},"7":{"start":{"line":26,"column":32},"end":{"line":26,"column":37}}},"fnMap":{"0":{"name":"(anonymous_0)","decl":{"start":{"line":6,"column":4},"end":{"line":6,"column":5}},"loc":{"start":{"line":6,"column":24},"end":{"line":8,"column":5}},"line":6},"1":{"name":"(anonymous_1)","decl":{"start":{"line":10,"column":21},"end":{"line":10,"column":22}},"loc":{"start":{"line":10,"column":27},"end":{"line":17,"column":5}},"line":10},"2":{"name":"(anonymous_2)","decl":{"start":{"line":19,"column":4},"end":{"line":19,"column":5}},"loc":{"start":{"line":19,"column":13},"end":{"line":23,"column":5}},"line":19},"3":{"name":"(anonymous_3)","decl":{"start":{"line":26,"column":23},"end":{"line":26,"column":24}},"loc":{"start":{"line":26,"column":32},"end":{"line":26,"column":37}},"line":26}},"branchMap":{"0":{"loc":{"start":{"line":13,"column":8},"end":{"line":14,"column":22}},"type":"if","locations":[{"start":{"line":13,"column":8},"end":{"line":14,"column":22}},{"start":{"line":13,"column":8},"end":{"line":14,"column":22}}],"line":13}},"s":{"0":1,"1":3,"2":3,"3":3,"4":2,"5":1,"6":3,"7":0},"f":{"0":1,"1":3,"2":3,"3":0},"b":{"0":[2,1]},"_coverageSchema":"1a1c01bbd47fc00a2c39e90264f33305004495a9","hash":"013e809702dc13bc8678f73d3a4eb22ce7c2128e"}
,"/Users/saulsv/OneDrive - IBM/Capacitacione GBS/FronEnd/React Test Driven/Proyectos/react_tdd/lootcheck/src/components/Wallet.js": {"path":"/Users/saulsv/OneDrive - IBM/Capacitacione GBS/FronEnd/React Test Driven/Proyectos/react_tdd/lootcheck/src/components/Wallet.js","statementMap":{"0":{"start":{"line":7,"column":8},"end":{"line":7,"column":16}},"1":{"start":{"line":8,"column":8},"end":{"line":10,"column":9}},"2":{"start":{"line":13,"column":20},"end":{"line":24,"column":5}},"3":{"start":{"line":14,"column":32},"end":{"line":14,"column":64}},"4":{"start":{"line":15,"column":8},"end":{"line":23,"column":9}},"5":{"start":{"line":16,"column":12},"end":{"line":18,"column":15}},"6":{"start":{"line":20,"column":12},"end":{"line":22,"column":15}},"7":{"start":{"line":26,"column":14},"end":{"line":26,"column":58}},"8":{"start":{"line":26,"column":20},"end":{"line":26,"column":58}},"9":{"start":{"line":28,"column":15},"end":{"line":28,"column":60}},"10":{"start":{"line":28,"column":21},"end":{"line":28,"column":60}},"11":{"start":{"line":32,"column":8},"end":{"line":40,"column":9}},"12":{"start":{"line":47,"column":4},"end":{"line":47,"column":35}}},"fnMap":{"0":{"name":"(anonymous_0)","decl":{"start":{"line":6,"column":4},"end":{"line":6,"column":5}},"loc":{"start":{"line":6,"column":17},"end":{"line":11,"column":5}},"line":6},"1":{"name":"(anonymous_1)","decl":{"start":{"line":13,"column":20},"end":{"line":13,"column":21}},"loc":{"start":{"line":13,"column":28},"end":{"line":24,"column":5}},"line":13},"2":{"name":"(anonymous_2)","decl":{"start":{"line":26,"column":14},"end":{"line":26,"column":15}},"loc":{"start":{"line":26,"column":20},"end":{"line":26,"column":58}},"line":26},"3":{"name":"(anonymous_3)","decl":{"start":{"line":28,"column":15},"end":{"line":28,"column":16}},"loc":{"start":{"line":28,"column":21},"end":{"line":28,"column":60}},"line":28},"4":{"name":"(anonymous_4)","decl":{"start":{"line":30,"column":4},"end":{"line":30,"column":5}},"loc":{"start":{"line":30,"column":13},"end":{"line":41,"column":5}},"line":30},"5":{"name":"(anonymous_5)","decl":{"start":{"line":46,"column":23},"end":{"line":46,"column":24}},"loc":{"start":{"line":46,"column":32},"end":{"line":48,"column":1}},"line":46}},"branchMap":{"0":{"loc":{"start":{"line":15,"column":8},"end":{"line":23,"column":9}},"type":"if","locations":[{"start":{"line":15,"column":8},"end":{"line":23,"column":9}},{"start":{"line":15,"column":8},"end":{"line":23,"column":9}}],"line":15}},"s":{"0":1,"1":1,"2":1,"3":6,"4":6,"5":3,"6":3,"7":1,"8":2,"9":1,"10":2,"11":7,"12":0},"f":{"0":1,"1":6,"2":2,"3":2,"4":7,"5":0},"b":{"0":[3,3]},"_coverageSchema":"1a1c01bbd47fc00a2c39e90264f33305004495a9","hash":"7227310e5c87f0c285df735fb1dc294cba4a7889"}
,"/Users/saulsv/OneDrive - IBM/Capacitacione GBS/FronEnd/React Test Driven/Proyectos/react_tdd/lootcheck/src/reducers/balance.js": {"path":"/Users/saulsv/OneDrive - IBM/Capacitacione GBS/FronEnd/React Test Driven/Proyectos/react_tdd/lootcheck/src/reducers/balance.js","statementMap":{"0":{"start":{"line":6,"column":23},"end":{"line":6,"column":39}},"1":{"start":{"line":9,"column":16},"end":{"line":34,"column":1}},"2":{"start":{"line":12,"column":4},"end":{"line":28,"column":5}},"3":{"start":{"line":14,"column":12},"end":{"line":14,"column":37}},"4":{"start":{"line":15,"column":12},"end":{"line":15,"column":18}},"5":{"start":{"line":19,"column":12},"end":{"line":19,"column":45}},"6":{"start":{"line":20,"column":12},"end":{"line":20,"column":18}},"7":{"start":{"line":23,"column":12},"end":{"line":23,"column":46}},"8":{"start":{"line":24,"column":12},"end":{"line":24,"column":18}},"9":{"start":{"line":27,"column":12},"end":{"line":27,"column":73}},"10":{"start":{"line":31,"column":4},"end":{"line":31,"column":41}},"11":{"start":{"line":33,"column":4},"end":{"line":33,"column":19}}},"fnMap":{"0":{"name":"(anonymous_0)","decl":{"start":{"line":9,"column":16},"end":{"line":9,"column":17}},"loc":{"start":{"line":9,"column":39},"end":{"line":34,"column":1}},"line":9}},"branchMap":{"0":{"loc":{"start":{"line":9,"column":17},"end":{"line":9,"column":26}},"type":"default-arg","locations":[{"start":{"line":9,"column":25},"end":{"line":9,"column":26}}],"line":9},"1":{"loc":{"start":{"line":12,"column":4},"end":{"line":28,"column":5}},"type":"switch","locations":[{"start":{"line":13,"column":8},"end":{"line":15,"column":18}},{"start":{"line":17,"column":8},"end":{"line":20,"column":18}},{"start":{"line":22,"column":8},"end":{"line":24,"column":18}},{"start":{"line":26,"column":8},"end":{"line":27,"column":73}}],"line":12},"2":{"loc":{"start":{"line":27,"column":22},"end":{"line":27,"column":72}},"type":"binary-expr","locations":[{"start":{"line":27,"column":22},"end":{"line":27,"column":63}},{"start":{"line":27,"column":67},"end":{"line":27,"column":72}}],"line":27}},"s":{"0":2,"1":2,"2":7,"3":1,"4":1,"5":1,"6":1,"7":1,"8":1,"9":4,"10":7,"11":7},"f":{"0":7},"b":{"0":[5],"1":[1,1,1,4],"2":[4,3]},"_coverageSchema":"1a1c01bbd47fc00a2c39e90264f33305004495a9","hash":"64e1272b9e5884f4a909af02c740bb4d68160fb6"}
,"/Users/saulsv/OneDrive - IBM/Capacitacione GBS/FronEnd/React Test Driven/Proyectos/react_tdd/lootcheck/src/reducers/bitcoin.js": {"path":"/Users/saulsv/OneDrive - IBM/Capacitacione GBS/FronEnd/React Test Driven/Proyectos/react_tdd/lootcheck/src/reducers/bitcoin.js","statementMap":{"0":{"start":{"line":3,"column":16},"end":{"line":11,"column":1}},"1":{"start":{"line":4,"column":4},"end":{"line":10,"column":5}},"2":{"start":{"line":6,"column":12},"end":{"line":6,"column":34}},"3":{"start":{"line":9,"column":12},"end":{"line":9,"column":25}}},"fnMap":{"0":{"name":"(anonymous_0)","decl":{"start":{"line":3,"column":16},"end":{"line":3,"column":17}},"loc":{"start":{"line":3,"column":40},"end":{"line":11,"column":1}},"line":3}},"branchMap":{"0":{"loc":{"start":{"line":3,"column":17},"end":{"line":3,"column":27}},"type":"default-arg","locations":[{"start":{"line":3,"column":25},"end":{"line":3,"column":27}}],"line":3},"1":{"loc":{"start":{"line":4,"column":4},"end":{"line":10,"column":5}},"type":"switch","locations":[{"start":{"line":5,"column":8},"end":{"line":6,"column":34}},{"start":{"line":8,"column":8},"end":{"line":9,"column":25}}],"line":4}},"s":{"0":2,"1":4,"2":1,"3":3},"f":{"0":4},"b":{"0":[3],"1":[1,3]},"_coverageSchema":"1a1c01bbd47fc00a2c39e90264f33305004495a9","hash":"fea26b3f9ad2d464c5f76a8084bb454b87ac9647"}
,"/Users/saulsv/OneDrive - IBM/Capacitacione GBS/FronEnd/React Test Driven/Proyectos/react_tdd/lootcheck/src/reducers/index.js": {"path":"/Users/saulsv/OneDrive - IBM/Capacitacione GBS/FronEnd/React Test Driven/Proyectos/react_tdd/lootcheck/src/reducers/index.js","statementMap":{},"fnMap":{},"branchMap":{},"s":{},"f":{},"b":{},"_coverageSchema":"1a1c01bbd47fc00a2c39e90264f33305004495a9","hash":"03ec19e8c433d88dc144ffc594338fa11ad2f979"}
}
